<?xml version="1.0" encoding="UTF-8"?>
<testng-results ignored="0" total="2" passed="1" failed="1" skipped="0">
  <reporter-output>
    <line>
      <![CDATA[Product Price on Flipkart: ₹1,29,900]]>
    </line>
  </reporter-output>
  <suite started-at="2022-02-24T16:52:11 IST" name="Default suite" finished-at="2022-02-24T16:52:44 IST" duration-ms="32742">
    <groups>
    </groups>
    <test started-at="2022-02-24T16:52:11 IST" name="Default test" finished-at="2022-02-24T16:52:44 IST" duration-ms="32742">
      <class name="com.scripts.Scenario1">
        <test-method is-config="true" signature="setup()[pri:0, instance:com.scripts.Scenario1@c88a337]" started-at="2022-02-24T16:52:11 IST" name="setup" finished-at="2022-02-24T16:52:13 IST" duration-ms="1487" status="PASS">
          <reporter-output>
          </reporter-output>
        </test-method> <!-- setup -->
        <test-method signature="increaseProductPrice()[pri:0, instance:com.scripts.Scenario1@c88a337]" started-at="2022-02-24T16:52:13 IST" name="increaseProductPrice" finished-at="2022-02-24T16:52:13 IST" duration-ms="47" status="FAIL">
          <exception class="java.lang.NullPointerException">
            <full-stacktrace>
              <![CDATA[java.lang.NullPointerException
at com.pageObjects.Locator.increaseQuantity(Locator.java:51)
at com.scripts.Scenario1.increaseProductPrice(Scenario1.java:76)
at java.base/jdk.internal.reflect.NativeMethodAccessorImpl.invoke0(Native Method)
at java.base/jdk.internal.reflect.NativeMethodAccessorImpl.invoke(NativeMethodAccessorImpl.java:62)
at java.base/jdk.internal.reflect.DelegatingMethodAccessorImpl.invoke(DelegatingMethodAccessorImpl.java:43)
at java.base/java.lang.reflect.Method.invoke(Method.java:566)
at org.testng.internal.MethodInvocationHelper.invokeMethod(MethodInvocationHelper.java:133)
at org.testng.internal.TestInvoker.invokeMethod(TestInvoker.java:598)
at org.testng.internal.TestInvoker.invokeTestMethod(TestInvoker.java:173)
at org.testng.internal.MethodRunner.runInSequence(MethodRunner.java:46)
at org.testng.internal.TestInvoker$MethodInvocationAgent.invoke(TestInvoker.java:824)
at org.testng.internal.TestInvoker.invokeTestMethods(TestInvoker.java:146)
at org.testng.internal.TestMethodWorker.invokeTestMethods(TestMethodWorker.java:146)
at org.testng.internal.TestMethodWorker.run(TestMethodWorker.java:128)
at java.base/java.util.ArrayList.forEach(ArrayList.java:1540)
at org.testng.TestRunner.privateRun(TestRunner.java:794)
at org.testng.TestRunner.run(TestRunner.java:596)
at org.testng.SuiteRunner.runTest(SuiteRunner.java:377)
at org.testng.SuiteRunner.runSequentially(SuiteRunner.java:371)
at org.testng.SuiteRunner.privateRun(SuiteRunner.java:332)
at org.testng.SuiteRunner.run(SuiteRunner.java:276)
at org.testng.SuiteRunnerWorker.runSuite(SuiteRunnerWorker.java:53)
at org.testng.SuiteRunnerWorker.run(SuiteRunnerWorker.java:96)
at org.testng.TestNG.runSuitesSequentially(TestNG.java:1212)
at org.testng.TestNG.runSuitesLocally(TestNG.java:1134)
at org.testng.TestNG.runSuites(TestNG.java:1063)
at org.testng.TestNG.run(TestNG.java:1031)
at org.testng.remote.AbstractRemoteTestNG.run(AbstractRemoteTestNG.java:115)
at org.testng.remote.RemoteTestNG.initAndRun(RemoteTestNG.java:251)
at org.testng.remote.RemoteTestNG.main(RemoteTestNG.java:77)
]]>
            </full-stacktrace>
          </exception> <!-- java.lang.NullPointerException -->
          <reporter-output>
          </reporter-output>
        </test-method> <!-- increaseProductPrice -->
        <test-method signature="scenarioScript1()[pri:0, instance:com.scripts.Scenario1@c88a337]" started-at="2022-02-24T16:52:13 IST" name="scenarioScript1" finished-at="2022-02-24T16:52:44 IST" duration-ms="31068" status="PASS">
          <reporter-output>
            <line>
              <![CDATA[Product Price on Flipkart: ₹1,29,900]]>
            </line>
          </reporter-output>
        </test-method> <!-- scenarioScript1 -->
        <test-method is-config="true" signature="tearDown()[pri:0, instance:com.scripts.Scenario1@c88a337]" started-at="2022-02-24T16:52:44 IST" name="tearDown" finished-at="2022-02-24T16:52:44 IST" duration-ms="8" status="PASS">
          <reporter-output>
          </reporter-output>
        </test-method> <!-- tearDown -->
      </class> <!-- com.scripts.Scenario1 -->
    </test> <!-- Default test -->
  </suite> <!-- Default suite -->
</testng-results>
