<?xml version="1.0" encoding="UTF-8"?>
<testng-results ignored="0" total="0" passed="0" failed="0" skipped="0">
  <reporter-output>
  </reporter-output>
  <suite started-at="2022-02-23T01:46:46 IST" name="Scenario1" finished-at="2022-02-23T01:46:46 IST" duration-ms="31">
    <groups>
    </groups>
    <test started-at="2022-02-23T01:46:46 IST" name="Scenario1Test" finished-at="2022-02-23T01:46:46 IST" duration-ms="31">
    </test> <!-- Scenario1Test -->
  </suite> <!-- Scenario1 -->
</testng-results>
