<?xml version="1.0" encoding="UTF-8"?>
<testng-results ignored="0" total="1" passed="1" failed="0" skipped="0">
  <reporter-output>
    <line>
      <![CDATA[Product Price on Flipkart: Rs 1,39,900]]>
    </line>
    <line>
      <![CDATA[Final Product Price after addition of quantity: Rs 2,79,800]]>
    </line>
  </reporter-output>
  <suite started-at="2022-02-27T22:02:34 IST" name="Scenario1" finished-at="2022-02-27T22:03:13 IST" duration-ms="38566">
    <groups>
    </groups>
    <test started-at="2022-02-27T22:02:34 IST" name="Scenario1Test" finished-at="2022-02-27T22:03:13 IST" duration-ms="38566">
      <class name="com.scripts.Scenario1">
        <test-method is-config="true" signature="setup()[pri:0, instance:com.scripts.Scenario1@2accdbb5]" started-at="2022-02-27T22:02:34 IST" name="setup" finished-at="2022-02-27T22:02:35 IST" duration-ms="703" status="PASS">
          <reporter-output>
          </reporter-output>
        </test-method> <!-- setup -->
        <test-method signature="scenarioScript1()[pri:0, instance:com.scripts.Scenario1@2accdbb5]" started-at="2022-02-27T22:02:35 IST" name="scenarioScript1" finished-at="2022-02-27T22:03:13 IST" duration-ms="37816" status="PASS">
          <reporter-output>
            <line>
              <![CDATA[Product Price on Flipkart: Rs 1,39,900]]>
            </line>
            <line>
              <![CDATA[Final Product Price after addition of quantity: Rs 2,79,800]]>
            </line>
          </reporter-output>
        </test-method> <!-- scenarioScript1 -->
      </class> <!-- com.scripts.Scenario1 -->
    </test> <!-- Scenario1Test -->
  </suite> <!-- Scenario1 -->
</testng-results>
