<?xml version="1.0" encoding="UTF-8"?>
<!-- Generated by org.testng.reporters.JUnitXMLReporter -->
<testsuite ignored="0" hostname="HP" failures="1" tests="2" name="Scenario1Test" time="38.632" errors="0" timestamp="2022-02-25T10:57:27 IST">
  <testcase classname="com.scripts.Scenario1" name="increaseProductPrice" time="0.015">
    <failure type="java.lang.NullPointerException">
      <![CDATA[java.lang.NullPointerException
at com.pageObjects.Locator.totalPrice(Locator.java:55)
at com.scripts.Scenario1.increaseProductPrice(Scenario1.java:94)
at java.base/java.util.ArrayList.forEach(ArrayList.java:1540)
at java.base/java.util.concurrent.FutureTask.run(FutureTask.java:264)
at java.base/java.util.concurrent.ThreadPoolExecutor.runWorker(ThreadPoolExecutor.java:1128)
at java.base/java.util.concurrent.ThreadPoolExecutor$Worker.run(ThreadPoolExecutor.java:628)
at java.base/java.lang.Thread.run(Thread.java:834)
... Removed 18 stack frames]]>
    </failure>
  </testcase> <!-- increaseProductPrice -->
  <testcase classname="com.scripts.Scenario1" name="scenarioScript1" time="35.742"/>
</testsuite> <!-- Scenario1Test -->
